<?xml version="1.0" encoding="UTF-8"?>
<testsuite xmlns:xsi="http://www.w3.org/2001/XMLSchema-instance" xsi:noNamespaceSchemaLocation="https://maven.apache.org/surefire/maven-surefire-plugin/xsd/surefire-test-report.xsd" name="com.gupao.java.jdbc.Jdbc01Test" time="0.028" tests="5" errors="0" skipped="0" failures="0">
  <properties>
[...]
</properties>
  <testcase name="testJdbcSave" classname="com.gupao.java.jdbc.Jdbc01Test" time="0.006"/>
  <testcase name="testJdbcDelete" classname="com.gupao.java.jdbc.Jdbc01Test" time="0.007"/>
  <testcase name="shouldAnswerWithTrue" classname="com.gupao.java.jdbc.Jdbc01Test" time="0"/>
  <testcase name="testJdbcSearch" classname="com.gupao.java.jdbc.Jdbc01Test" time="0.006"/>
  <testcase name="testJdbcUpdate" classname="com.gupao.java.jdbc.Jdbc01Test" time="0.007"/>
</testsuite>